<?xml version="1.0" encoding="UTF-8"?>
<!-- Generated by org.testng.reporters.JUnitXMLReporter -->
<testsuite ignored="1" hostname="pc" failures="0" tests="1" name="Test" time="24.271" errors="0" timestamp="2022-09-10T00:45:33 PDT">
  <testcase classname="com.store.Testcases.TC_ProductPageTest2" name="verifyAddToWishListoutLogin" time="5.955"/>
  <testcase classname="com.store.Testcases.TC_ProductPageTest2" name="VerifySearchProduct" time="0.0">
    <ignored/>
  </testcase> <!-- VerifySearchProduct -->
</testsuite> <!-- Test -->
